d:\computer_science_essentials\computer_graphics\learn_open_gl\lib\glfw\glfw-3.3.4\build\src\glfw.dir\debug\glfw.pdb
d:\computer_science_essentials\computer_graphics\learn_open_gl\lib\glfw\glfw-3.3.4\build\src\glfw.dir\debug\osmesa_context.obj
d:\computer_science_essentials\computer_graphics\learn_open_gl\lib\glfw\glfw-3.3.4\build\src\glfw.dir\debug\egl_context.obj
d:\computer_science_essentials\computer_graphics\learn_open_gl\lib\glfw\glfw-3.3.4\build\src\glfw.dir\debug\wgl_context.obj
d:\computer_science_essentials\computer_graphics\learn_open_gl\lib\glfw\glfw-3.3.4\build\src\glfw.dir\debug\win32_window.obj
d:\computer_science_essentials\computer_graphics\learn_open_gl\lib\glfw\glfw-3.3.4\build\src\glfw.dir\debug\win32_thread.obj
d:\computer_science_essentials\computer_graphics\learn_open_gl\lib\glfw\glfw-3.3.4\build\src\glfw.dir\debug\win32_time.obj
d:\computer_science_essentials\computer_graphics\learn_open_gl\lib\glfw\glfw-3.3.4\build\src\glfw.dir\debug\win32_monitor.obj
d:\computer_science_essentials\computer_graphics\learn_open_gl\lib\glfw\glfw-3.3.4\build\src\glfw.dir\debug\win32_joystick.obj
d:\computer_science_essentials\computer_graphics\learn_open_gl\lib\glfw\glfw-3.3.4\build\src\glfw.dir\debug\win32_init.obj
d:\computer_science_essentials\computer_graphics\learn_open_gl\lib\glfw\glfw-3.3.4\build\src\glfw.dir\debug\window.obj
d:\computer_science_essentials\computer_graphics\learn_open_gl\lib\glfw\glfw-3.3.4\build\src\glfw.dir\debug\vulkan.obj
d:\computer_science_essentials\computer_graphics\learn_open_gl\lib\glfw\glfw-3.3.4\build\src\glfw.dir\debug\monitor.obj
d:\computer_science_essentials\computer_graphics\learn_open_gl\lib\glfw\glfw-3.3.4\build\src\glfw.dir\debug\input.obj
d:\computer_science_essentials\computer_graphics\learn_open_gl\lib\glfw\glfw-3.3.4\build\src\glfw.dir\debug\init.obj
d:\computer_science_essentials\computer_graphics\learn_open_gl\lib\glfw\glfw-3.3.4\build\src\glfw.dir\debug\context.obj
d:\computer_science_essentials\computer_graphics\learn_open_gl\lib\glfw\glfw-3.3.4\build\src\cmakefiles\generate.stamp
d:\computer_science_essentials\computer_graphics\learn_open_gl\lib\glfw\glfw-3.3.4\build\src\debug\glfw3.lib
d:\computer_science_essentials\computer_graphics\learn_open_gl\lib\glfw\glfw-3.3.4\build\src\glfw.dir\debug\glfw.tlog\cl.command.1.tlog
d:\computer_science_essentials\computer_graphics\learn_open_gl\lib\glfw\glfw-3.3.4\build\src\glfw.dir\debug\glfw.tlog\cl.read.1.tlog
d:\computer_science_essentials\computer_graphics\learn_open_gl\lib\glfw\glfw-3.3.4\build\src\glfw.dir\debug\glfw.tlog\cl.write.1.tlog
d:\computer_science_essentials\computer_graphics\learn_open_gl\lib\glfw\glfw-3.3.4\build\src\glfw.dir\debug\glfw.tlog\custombuild.command.1.tlog
d:\computer_science_essentials\computer_graphics\learn_open_gl\lib\glfw\glfw-3.3.4\build\src\glfw.dir\debug\glfw.tlog\custombuild.read.1.tlog
d:\computer_science_essentials\computer_graphics\learn_open_gl\lib\glfw\glfw-3.3.4\build\src\glfw.dir\debug\glfw.tlog\custombuild.write.1.tlog
d:\computer_science_essentials\computer_graphics\learn_open_gl\lib\glfw\glfw-3.3.4\build\src\glfw.dir\debug\glfw.tlog\lib-link.read.1.tlog
d:\computer_science_essentials\computer_graphics\learn_open_gl\lib\glfw\glfw-3.3.4\build\src\glfw.dir\debug\glfw.tlog\lib-link.write.1.tlog
d:\computer_science_essentials\computer_graphics\learn_open_gl\lib\glfw\glfw-3.3.4\build\src\glfw.dir\debug\glfw.tlog\lib.command.1.tlog
