The system is: Windows - 10.0.19042 - AMD64
Compiling the C compiler identification source file "CMakeCCompilerId.c" succeeded.
Compiler:  
Build flags: 
Id flags:  

The output was:
0
Microsoft (R) Build Engine version 16.4.0+e901037fe for .NET Framework
Copyright (C) Microsoft Corporation. All rights reserved.

Build started 7/13/2021 1:37:10 AM.
Project "D:\computer_science_essentials\computer_graphics\learn_open_gl\libs\glfw-3.3.4\build\CMakeFiles\3.21.0-rc3\CompilerIdC\CompilerIdC.vcxproj" on node 1 (default targets).
PrepareForBuild:
  Creating directory "Debug\".
  Creating directory "Debug\CompilerIdC.tlog\".
InitializeBuildStatus:
  Creating "Debug\CompilerIdC.tlog\unsuccessfulbuild" because "AlwaysCreate" was specified.
ClCompile:
  C:\Program Files (x86)\Microsoft Visual Studio\2019\BuildTools\VC\Tools\MSVC\14.24.28314\bin\HostX64\x64\CL.exe /c /nologo /W0 /WX- /diagnostics:column /Od /D _MBCS /Gm- /EHsc /RTC1 /MDd /GS /fp:precise /Zc:wchar_t /Zc:forScope /Zc:inline /Fo"Debug\\" /Fd"Debug\vc142.pdb" /Gd /TC /FC /errorReport:queue CMakeCCompilerId.c
  CMakeCCompilerId.c
Link:
  C:\Program Files (x86)\Microsoft Visual Studio\2019\BuildTools\VC\Tools\MSVC\14.24.28314\bin\HostX64\x64\link.exe /ERRORREPORT:QUEUE /OUT:".\CompilerIdC.exe" /INCREMENTAL:NO /NOLOGO kernel32.lib user32.lib gdi32.lib winspool.lib comdlg32.lib advapi32.lib shell32.lib ole32.lib oleaut32.lib uuid.lib odbc32.lib odbccp32.lib /MANIFEST /MANIFESTUAC:"level='asInvoker' uiAccess='false'" /manifest:embed /PDB:".\CompilerIdC.pdb" /SUBSYSTEM:CONSOLE /TLBID:1 /DYNAMICBASE /NXCOMPAT /IMPLIB:".\CompilerIdC.lib" /MACHINE:X64 Debug\CMakeCCompilerId.obj
  CompilerIdC.vcxproj -> D:\computer_science_essentials\computer_graphics\learn_open_gl\libs\glfw-3.3.4\build\CMakeFiles\3.21.0-rc3\CompilerIdC\.\CompilerIdC.exe
PostBuildEvent:
  for %%i in (cl.exe) do @echo CMAKE_C_COMPILER=%%~$PATH:i
  :VCEnd
  CMAKE_C_COMPILER=C:\Program Files (x86)\Microsoft Visual Studio\2019\BuildTools\VC\Tools\MSVC\14.24.28314\bin\Hostx64\x64\cl.exe
FinalizeBuildStatus:
  Deleting file "Debug\CompilerIdC.tlog\unsuccessfulbuild".
  Touching "Debug\CompilerIdC.tlog\CompilerIdC.lastbuildstate".
Done Building Project "D:\computer_science_essentials\computer_graphics\learn_open_gl\libs\glfw-3.3.4\build\CMakeFiles\3.21.0-rc3\CompilerIdC\CompilerIdC.vcxproj" (default targets).

Build succeeded.
    0 Warning(s)
    0 Error(s)

Time Elapsed 00:00:01.43


Compilation of the C compiler identification source "CMakeCCompilerId.c" produced "CompilerIdC.exe"

Compilation of the C compiler identification source "CMakeCCompilerId.c" produced "CompilerIdC.vcxproj"

The C compiler identification is MSVC, found in "D:/computer_science_essentials/computer_graphics/learn_open_gl/libs/glfw-3.3.4/build/CMakeFiles/3.21.0-rc3/CompilerIdC/CompilerIdC.exe"

Detecting C compiler ABI info compiled with the following output:
Change Dir: D:/computer_science_essentials/computer_graphics/learn_open_gl/libs/glfw-3.3.4/build/CMakeFiles/CMakeTmp

Run Build Command(s):C:/Program Files (x86)/Microsoft Visual Studio/2019/BuildTools/MSBuild/Current/Bin/MSBuild.exe cmTC_c129d.vcxproj /p:Configuration=Debug /p:Platform=x64 /p:VisualStudioVersion=16.0 /v:m && Microsoft (R) Build Engine version 16.4.0+e901037fe for .NET Framework
Copyright (C) Microsoft Corporation. All rights reserved.

  ЋЇвЁ¬Ё§ЁагойЁ© Є®¬ЇЁ«пв®а Microsoft (R) C/C++ ўҐабЁЁ 19.24.28315 ¤«п x64
  CMakeCCompilerABI.c
  (C) Љ®аЇ®а жЁп Њ ©Єа®б®дв (Microsoft Corporation).  ‚бҐ Їа ў  § йЁйҐ­л.
  cl /c /Zi /W3 /WX- /diagnostics:column /Od /Ob0 /D _MBCS /D WIN32 /D _WINDOWS /D "CMAKE_INTDIR=\"Debug\"" /Gm- /RTC1 /MDd /GS /fp:precise /Zc:wchar_t /Zc:forScope /Zc:inline /Fo"cmTC_c129d.dir\Debug\\" /Fd"cmTC_c129d.dir\Debug\vc142.pdb" /Gd /TC /errorReport:queue "C:\Program Files\CMake\share\cmake-3.21\Modules\CMakeCCompilerABI.c"
  cmTC_c129d.vcxproj -> D:\computer_science_essentials\computer_graphics\learn_open_gl\libs\glfw-3.3.4\build\CMakeFiles\CMakeTmp\Debug\cmTC_c129d.exe



